<?xml version="1.0" encoding="UTF-8"?>
<coverage generated="1765047118243" clover="3.2.0">
  <project timestamp="1765047118244" name="All files">
    <metrics statements="32" coveredstatements="22" conditionals="20" coveredconditionals="18" methods="9" coveredmethods="5" elements="61" coveredelements="45" complexity="0" loc="32" ncloc="32" packages="1" files="2" classes="2"/>
    <file name="pricing-engine.mjs" path="C:\VSProjects\_Websites\Durdle\durdle-serverless-api\functions\quotes-calculator\pricing-engine.mjs">
      <metrics statements="22" coveredstatements="22" conditionals="18" coveredconditionals="18" methods="5" coveredmethods="5"/>
      <line num="14" count="14" type="stmt"/>
      <line num="15" count="14" type="stmt"/>
      <line num="16" count="14" type="stmt"/>
      <line num="17" count="14" type="stmt"/>
      <line num="18" count="14" type="stmt"/>
      <line num="19" count="14" type="stmt"/>
      <line num="21" count="14" type="stmt"/>
      <line num="42" count="2" type="stmt"/>
      <line num="67" count="1" type="stmt"/>
      <line num="106" count="8" type="cond" truecount="4" falsecount="0"/>
      <line num="107" count="2" type="stmt"/>
      <line num="109" count="13" type="cond" truecount="2" falsecount="0"/>
      <line num="119" count="10" type="stmt"/>
      <line num="121" count="10" type="cond" truecount="4" falsecount="0"/>
      <line num="122" count="3" type="stmt"/>
      <line num="125" count="10" type="cond" truecount="4" falsecount="0"/>
      <line num="126" count="2" type="stmt"/>
      <line num="129" count="10" type="cond" truecount="2" falsecount="0"/>
      <line num="130" count="1" type="stmt"/>
      <line num="133" count="10" type="cond" truecount="2" falsecount="0"/>
      <line num="134" count="2" type="stmt"/>
      <line num="137" count="10" type="stmt"/>
    </file>
    <file name="validation.mjs" path="C:\VSProjects\_Websites\Durdle\durdle-serverless-api\functions\quotes-calculator\validation.mjs">
      <metrics statements="10" coveredstatements="0" conditionals="2" coveredconditionals="0" methods="4" coveredmethods="0"/>
      <line num="6" count="0" type="stmt"/>
      <line num="16" count="0" type="stmt"/>
      <line num="23" count="0" type="stmt"/>
      <line num="37" count="0" type="stmt"/>
      <line num="48" count="0" type="stmt"/>
      <line num="57" count="0" type="stmt"/>
      <line num="59" count="0" type="cond" truecount="0" falsecount="2"/>
      <line num="60" count="0" type="stmt"/>
      <line num="64" count="0" type="stmt"/>
      <line num="70" count="0" type="stmt"/>
    </file>
  </project>
</coverage>
