{"C:\\VSProjects\\_Websites\\Durdle\\durdle-serverless-api\\functions\\quotes-calculator\\pricing-engine.mjs": {"path":"C:\\VSProjects\\_Websites\\Durdle\\durdle-serverless-api\\functions\\quotes-calculator\\pricing-engine.mjs","statementMap":{"0":{"start":{"line":14,"column":19},"end":{"line":14,"column":40}},"1":{"start":{"line":15,"column":25},"end":{"line":15,"column":73}},"2":{"start":{"line":16,"column":25},"end":{"line":16,"column":77}},"3":{"start":{"line":17,"column":19},"end":{"line":17,"column":61}},"4":{"start":{"line":18,"column":14},"end":{"line":18,"column":15}},"5":{"start":{"line":19,"column":16},"end":{"line":19,"column":30}},"6":{"start":{"line":21,"column":2},"end":{"line":32,"column":4}},"7":{"start":{"line":42,"column":2},"end":{"line":61,"column":4}},"8":{"start":{"line":67,"column":38},"end":{"line":98,"column":1}},"9":{"start":{"line":106,"column":2},"end":{"line":108,"column":3}},"10":{"start":{"line":107,"column":4},"end":{"line":107,"column":13}},"11":{"start":{"line":109,"column":2},"end":{"line":109,"column":68}},"12":{"start":{"line":109,"column":39},"end":{"line":109,"column":63}},"13":{"start":{"line":119,"column":17},"end":{"line":119,"column":19}},"14":{"start":{"line":121,"column":2},"end":{"line":123,"column":3}},"15":{"start":{"line":122,"column":4},"end":{"line":122,"column":58}},"16":{"start":{"line":125,"column":2},"end":{"line":127,"column":3}},"17":{"start":{"line":126,"column":4},"end":{"line":126,"column":59}},"18":{"start":{"line":129,"column":2},"end":{"line":131,"column":3}},"19":{"start":{"line":130,"column":4},"end":{"line":130,"column":64}},"20":{"start":{"line":133,"column":2},"end":{"line":135,"column":3}},"21":{"start":{"line":134,"column":4},"end":{"line":134,"column":63}},"22":{"start":{"line":137,"column":2},"end":{"line":140,"column":4}}},"fnMap":{"0":{"name":"calculateVariablePricing","decl":{"start":{"line":13,"column":16},"end":{"line":13,"column":40}},"loc":{"start":{"line":13,"column":87},"end":{"line":33,"column":1}},"line":13},"1":{"name":"calculateFixedRoutePricing","decl":{"start":{"line":41,"column":16},"end":{"line":41,"column":42}},"loc":{"start":{"line":41,"column":72},"end":{"line":62,"column":1}},"line":41},"2":{"name":"calculateTotalWaitTime","decl":{"start":{"line":105,"column":16},"end":{"line":105,"column":38}},"loc":{"start":{"line":105,"column":50},"end":{"line":110,"column":1}},"line":105},"3":{"name":"(anonymous_3)","decl":{"start":{"line":109,"column":26},"end":{"line":109,"column":27}},"loc":{"start":{"line":109,"column":39},"end":{"line":109,"column":63}},"line":109},"4":{"name":"validatePricingInputs","decl":{"start":{"line":118,"column":16},"end":{"line":118,"column":37}},"loc":{"start":{"line":118,"column":70},"end":{"line":141,"column":1}},"line":118}},"branchMap":{"0":{"loc":{"start":{"line":106,"column":2},"end":{"line":108,"column":3}},"type":"if","locations":[{"start":{"line":106,"column":2},"end":{"line":108,"column":3}},{"start":{},"end":{}}],"line":106},"1":{"loc":{"start":{"line":106,"column":6},"end":{"line":106,"column":45}},"type":"binary-expr","locations":[{"start":{"line":106,"column":6},"end":{"line":106,"column":16}},{"start":{"line":106,"column":20},"end":{"line":106,"column":45}}],"line":106},"2":{"loc":{"start":{"line":109,"column":46},"end":{"line":109,"column":62}},"type":"binary-expr","locations":[{"start":{"line":109,"column":46},"end":{"line":109,"column":57}},{"start":{"line":109,"column":61},"end":{"line":109,"column":62}}],"line":109},"3":{"loc":{"start":{"line":121,"column":2},"end":{"line":123,"column":3}},"type":"if","locations":[{"start":{"line":121,"column":2},"end":{"line":123,"column":3}},{"start":{},"end":{}}],"line":121},"4":{"loc":{"start":{"line":121,"column":6},"end":{"line":121,"column":60}},"type":"binary-expr","locations":[{"start":{"line":121,"column":6},"end":{"line":121,"column":39}},{"start":{"line":121,"column":43},"end":{"line":121,"column":60}}],"line":121},"5":{"loc":{"start":{"line":125,"column":2},"end":{"line":127,"column":3}},"type":"if","locations":[{"start":{"line":125,"column":2},"end":{"line":127,"column":3}},{"start":{},"end":{}}],"line":125},"6":{"loc":{"start":{"line":125,"column":6},"end":{"line":125,"column":64}},"type":"binary-expr","locations":[{"start":{"line":125,"column":6},"end":{"line":125,"column":41}},{"start":{"line":125,"column":45},"end":{"line":125,"column":64}}],"line":125},"7":{"loc":{"start":{"line":129,"column":2},"end":{"line":131,"column":3}},"type":"if","locations":[{"start":{"line":129,"column":2},"end":{"line":131,"column":3}},{"start":{},"end":{}}],"line":129},"8":{"loc":{"start":{"line":133,"column":2},"end":{"line":135,"column":3}},"type":"if","locations":[{"start":{"line":133,"column":2},"end":{"line":135,"column":3}},{"start":{},"end":{}}],"line":133}},"s":{"0":14,"1":14,"2":14,"3":14,"4":14,"5":14,"6":14,"7":2,"8":1,"9":8,"10":2,"11":6,"12":13,"13":10,"14":10,"15":3,"16":10,"17":2,"18":10,"19":1,"20":10,"21":2,"22":10},"f":{"0":14,"1":2,"2":8,"3":13,"4":10},"b":{"0":[2,6],"1":[8,6],"2":[13,5],"3":[3,7],"4":[10,9],"5":[2,8],"6":[10,9],"7":[1,9],"8":[2,8]},"inputSourceMap":null,"_coverageSchema":"1a1c01bbd47fc00a2c39e90264f33305004495a9","hash":"eab4313da9f37d1f1d151d7cf9f6298386d982f4"}
,"C:\\VSProjects\\_Websites\\Durdle\\durdle-serverless-api\\functions\\quotes-calculator\\validation.mjs": {"path":"C:\\VSProjects\\_Websites\\Durdle\\durdle-serverless-api\\functions\\quotes-calculator\\validation.mjs","statementMap":{"0":{"start":{"line":6,"column":23},"end":{"line":11,"column":2}},"1":{"start":{"line":16,"column":23},"end":{"line":18,"column":2}},"2":{"start":{"line":23,"column":34},"end":{"line":39,"column":1}},"3":{"start":{"line":37,"column":12},"end":{"line":37,"column":72}},"4":{"start":{"line":48,"column":2},"end":{"line":48,"column":43}},"5":{"start":{"line":57,"column":17},"end":{"line":57,"column":54}},"6":{"start":{"line":59,"column":2},"end":{"line":61,"column":3}},"7":{"start":{"line":60,"column":4},"end":{"line":60,"column":48}},"8":{"start":{"line":64,"column":17},"end":{"line":68,"column":5}},"9":{"start":{"line":64,"column":49},"end":{"line":68,"column":3}},"10":{"start":{"line":70,"column":2},"end":{"line":77,"column":4}}},"fnMap":{"0":{"name":"(anonymous_0)","decl":{"start":{"line":37,"column":2},"end":{"line":37,"column":3}},"loc":{"start":{"line":37,"column":12},"end":{"line":37,"column":72}},"line":37},"1":{"name":"validateQuoteRequest","decl":{"start":{"line":47,"column":16},"end":{"line":47,"column":36}},"loc":{"start":{"line":47,"column":46},"end":{"line":49,"column":1}},"line":47},"2":{"name":"safeValidateQuoteRequest","decl":{"start":{"line":56,"column":16},"end":{"line":56,"column":40}},"loc":{"start":{"line":56,"column":50},"end":{"line":78,"column":1}},"line":56},"3":{"name":"(anonymous_3)","decl":{"start":{"line":64,"column":41},"end":{"line":64,"column":42}},"loc":{"start":{"line":64,"column":49},"end":{"line":68,"column":3}},"line":64}},"branchMap":{"0":{"loc":{"start":{"line":59,"column":2},"end":{"line":61,"column":3}},"type":"if","locations":[{"start":{"line":59,"column":2},"end":{"line":61,"column":3}},{"start":{},"end":{}}],"line":59}},"s":{"0":0,"1":0,"2":0,"3":0,"4":0,"5":0,"6":0,"7":0,"8":0,"9":0,"10":0},"f":{"0":0,"1":0,"2":0,"3":0},"b":{"0":[0,0]},"inputSourceMap":null}
}
