TN:
SF:pricing-engine.mjs
FN:13,calculateVariablePricing
FN:41,calculateFixedRoutePricing
FN:105,calculateTotalWaitTime
FN:109,(anonymous_3)
FN:118,validatePricingInputs
FNF:5
FNH:5
FNDA:14,calculateVariablePricing
FNDA:2,calculateFixedRoutePricing
FNDA:8,calculateTotalWaitTime
FNDA:13,(anonymous_3)
FNDA:10,validatePricingInputs
DA:14,14
DA:15,14
DA:16,14
DA:17,14
DA:18,14
DA:19,14
DA:21,14
DA:42,2
DA:67,1
DA:106,8
DA:107,2
DA:109,13
DA:119,10
DA:121,10
DA:122,3
DA:125,10
DA:126,2
DA:129,10
DA:130,1
DA:133,10
DA:134,2
DA:137,10
LF:22
LH:22
BRDA:106,0,0,2
BRDA:106,0,1,6
BRDA:106,1,0,8
BRDA:106,1,1,6
BRDA:109,2,0,13
BRDA:109,2,1,5
BRDA:121,3,0,3
BRDA:121,3,1,7
BRDA:121,4,0,10
BRDA:121,4,1,9
BRDA:125,5,0,2
BRDA:125,5,1,8
BRDA:125,6,0,10
BRDA:125,6,1,9
BRDA:129,7,0,1
BRDA:129,7,1,9
BRDA:133,8,0,2
BRDA:133,8,1,8
BRF:18
BRH:18
end_of_record
TN:
SF:validation.mjs
FN:37,(anonymous_0)
FN:47,validateQuoteRequest
FN:56,safeValidateQuoteRequest
FN:64,(anonymous_3)
FNF:4
FNH:0
FNDA:0,(anonymous_0)
FNDA:0,validateQuoteRequest
FNDA:0,safeValidateQuoteRequest
FNDA:0,(anonymous_3)
DA:6,0
DA:16,0
DA:23,0
DA:37,0
DA:48,0
DA:57,0
DA:59,0
DA:60,0
DA:64,0
DA:70,0
LF:10
LH:0
BRDA:59,0,0,0
BRDA:59,0,1,0
BRF:2
BRH:0
end_of_record
